2021-04-23 14:31:09,482 [6] DEBUG Elavon_Adaptor.BeginPayment [(null)] - ---Page ASP.beginpayment_aspx Load begin [637547850694788064]---
2021-04-23 14:31:13,552 [6] DEBUG Elavon_Adaptor.BeginPayment [(null)] - Finished getting parameters
2021-04-23 14:31:13,553 [6] DEBUG Elavon_Adaptor.BeginPayment [(null)] - Request from ACA (I): The query string is null.
2021-04-23 14:31:13,979 [6] DEBUG Elavon_Adaptor.BeginPayment [(null)] - Page ASP.beginpayment_aspx Run Total Time : 4500 ms.
2021-04-23 14:31:13,980 [6] DEBUG Elavon_Adaptor.BeginPayment [(null)] - ---Page ASP.beginpayment_aspx Load End [637547850694788064]---
2021-04-23 14:31:49,383 [12] DEBUG Elavon_Adaptor.BeginPayment [(null)] - ---Page ASP.beginpayment_aspx Load begin [637547851093835868]---
2021-04-23 14:31:51,109 [12] DEBUG Elavon_Adaptor.BeginPayment [(null)] - Finished getting parameters
2021-04-23 14:31:51,110 [12] DEBUG Elavon_Adaptor.BeginPayment [(null)] - Request from ACA ApplicationID=1&TransactionID=3884&PaymentAmount=200&ConvFee=0&PostbackURL=https%3a%2f%2faca-test.accela.com%3a443%2fSUFFOLKCO%2fpayment%2fpaymentpostback.aspx&RedirectURL=https%3a%2f%2faca-test.accela.com%3a443%2fSUFFOLKCO%2fpayment%2fpaymentredirect.aspx&UserID=PUBLICUSER73&FullName=ada.chan%2540suffolkcountyny.gov&UserEmail=ada.chan%40suffolkcountyny.gov&AgencyCode=SUFFOLKCO&PaymentType=CC&MerchantAccountID=0&Lang=en-US
2021-04-23 14:31:51,111 [12] DEBUG Elavon_Adaptor.BeginPayment [(null)] - Conv fee switch = true
2021-04-23 14:31:51,111 [12] DEBUG Elavon_Adaptor.BeginPayment [(null)] - Setting 3884ConvFee:0 to cache 
2021-04-23 14:31:51,112 [12] DEBUG Elavon_Adaptor.BeginPayment [(null)] - Total Amount = 203.19
2021-04-23 14:32:40,006 [12] DEBUG Elavon_Adaptor.BeginPayment [(null)] - Merchant account ID 0022521, user ID apiuser, PIN 0ME3AO83U93W9X4XSI8GMSURT4PNQUGFSA884AM9DSJFZS71HDYZNDEUQ4R0IPIM
2021-04-23 14:32:54,641 [12] DEBUG Elavon_Adaptor.BeginPayment [(null)] - Content sent to Converge {"ssl_merchant_id":"0022521","ssl_user_id":"apiuser","ssl_pin":"0ME3AO83U93W9X4XSI8GMSURT4PNQUGFSA884AM9DSJFZS71HDYZNDEUQ4R0IPIM","ssl_invoice_number":"3884","ssl_transaction_type":"CCSALE","ssl_amount":"203.19"} at URL https://demo.convergepay.com/hosted-payments/transaction_token
2021-04-23 14:32:54,642 [12] DEBUG Elavon_Adaptor.BeginPayment [(null)] - Request Header Accept : application/json,
2021-04-23 14:32:54,643 [12] DEBUG Elavon_Adaptor.BeginPayment [(null)] - Content Header Content-Type : application/json,
2021-04-23 14:32:55,845 [12] DEBUG Elavon_Adaptor.BeginPayment [(null)] - HTTP Error in token response, HTTP Status Forbidden : Forbidden
2021-04-23 20:02:27,960 [10] DEBUG Elavon_Adaptor.BeginPayment [(null)] - ---Page ASP.beginpayment_aspx Load begin [637548049479567717]---
2021-04-23 20:02:37,516 [10] DEBUG Elavon_Adaptor.BeginPayment [(null)] - Finished getting parameters
2021-04-23 20:02:37,516 [10] DEBUG Elavon_Adaptor.BeginPayment [(null)] - Request from ACA (I): The query string is null.
2021-04-23 20:02:37,580 [10] DEBUG Elavon_Adaptor.BeginPayment [(null)] - Page ASP.beginpayment_aspx Run Total Time : 9624 ms.
2021-04-23 20:02:37,580 [10] DEBUG Elavon_Adaptor.BeginPayment [(null)] - ---Page ASP.beginpayment_aspx Load End [637548049479567717]---
2021-04-23 20:02:42,106 [10] DEBUG Elavon_Adaptor.BeginPayment [(null)] - ---Page ASP.beginpayment_aspx Load begin [637548049621068451]---
2021-04-23 20:02:43,919 [10] DEBUG Elavon_Adaptor.BeginPayment [(null)] - Finished getting parameters
2021-04-23 20:02:43,920 [10] DEBUG Elavon_Adaptor.BeginPayment [(null)] - Request from ACA ApplicationID=1&TransactionID=3882&PaymentAmount=200&ConvFee=0&PostbackURL=https%3a%2f%2faca-test.accela.com%3a443%2fSUFFOLKCO%2fpayment%2fpaymentpostback.aspx&RedirectURL=https%3a%2f%2faca-test.accela.com%3a443%2fSUFFOLKCO%2fpayment%2fpaymentredirect.aspx&UserID=PUBLICUSER73&FullName=ada.chan%2540suffolkcountyny.gov&UserEmail=ada.chan%40suffolkcountyny.gov&AgencyCode=SUFFOLKCO&PaymentType=CC&MerchantAccountID=0&Lang=en-US
2021-04-23 20:02:43,920 [10] DEBUG Elavon_Adaptor.BeginPayment [(null)] - Conv fee switch = true
2021-04-23 20:02:43,920 [10] DEBUG Elavon_Adaptor.BeginPayment [(null)] - Setting 3882ConvFee:0 to cache 
2021-04-23 20:02:43,921 [10] DEBUG Elavon_Adaptor.BeginPayment [(null)] - Total Amount = 203.19
