2021-04-20 09:02:29,282 [10] DEBUG Elavon_Adaptor.BeginPayment [(null)] - ---Page ASP.beginpayment_aspx Load begin [637545061492773890]---
2021-04-20 09:02:51,562 [12] DEBUG Elavon_Adaptor.BeginPayment [(null)] - ---Page ASP.beginpayment_aspx Load begin [637545061715628312]---
2021-04-20 09:04:40,099 [10] DEBUG Elavon_Adaptor.BeginPayment [(null)] - Finished getting parameters
2021-04-20 09:04:43,353 [12] DEBUG Elavon_Adaptor.BeginPayment [(null)] - Finished getting parameters
2021-04-20 09:05:05,090 [12] DEBUG Elavon_Adaptor.BeginPayment [(null)] - Request from ACA ApplicationID=1&TransactionID=2952&PaymentAmount=203.19&ConvFee=0&PostbackURL=https%3a%2f%2faca-supp.accela.com%3a443%2fSUFFOLKCO%2fpayment%2fpaymentpostback.aspx&RedirectURL=https%3a%2f%2faca-supp.accela.com%3a443%2fSUFFOLKCO%2fpayment%2fpaymentredirect.aspx&UserID=PUBLICUSER1802&FullName=Anjan%2520Raghavendra&UserEmail=araghavendra%40accela.comTURNED_OFF&AgencyCode=SUFFOLKCO&PaymentType=CC&MerchantAccountID=0&Lang=en-US
2021-04-20 09:05:22,501 [12] DEBUG Elavon_Adaptor.BeginPayment [(null)] - Conv fee switch = true
2021-04-20 09:05:37,982 [12] DEBUG Elavon_Adaptor.BeginPayment [(null)] - Setting 2952ConvFee:0 to cache 
2021-04-20 10:22:59,546 [6] DEBUG Elavon_Adaptor.BeginPayment [(null)] - ---Page ASP.beginpayment_aspx Load begin [637545109795428117]---
2021-04-20 10:22:59,547 [7] DEBUG Elavon_Adaptor.BeginPayment [(null)] - ---Page ASP.beginpayment_aspx Load begin [637545109795477972]---
2021-04-20 10:23:48,796 [6] DEBUG Elavon_Adaptor.BeginPayment [(null)] - Finished getting parameters
2021-04-20 10:23:48,796 [7] DEBUG Elavon_Adaptor.BeginPayment [(null)] - Finished getting parameters
2021-04-20 10:23:48,797 [7] DEBUG Elavon_Adaptor.BeginPayment [(null)] - Request from ACA ApplicationID=1&TransactionID=2952&PaymentAmount=203.19&ConvFee=0&PostbackURL=https%3a%2f%2faca-supp.accela.com%3a443%2fSUFFOLKCO%2fpayment%2fpaymentpostback.aspx&RedirectURL=https%3a%2f%2faca-supp.accela.com%3a443%2fSUFFOLKCO%2fpayment%2fpaymentredirect.aspx&UserID=PUBLICUSER1802&FullName=Anjan%2520Raghavendra&UserEmail=araghavendra%40accela.comTURNED_OFF&AgencyCode=SUFFOLKCO&PaymentType=CC&MerchantAccountID=0&Lang=en-US
2021-04-20 10:23:48,798 [7] DEBUG Elavon_Adaptor.BeginPayment [(null)] - Conv fee switch = true
2021-04-20 10:23:48,799 [7] DEBUG Elavon_Adaptor.BeginPayment [(null)] - Setting 2952ConvFee:0 to cache 
2021-04-20 10:23:48,796 [6] DEBUG Elavon_Adaptor.BeginPayment [(null)] - Request from ACA (I): The query string is null.
2021-04-20 10:23:48,800 [7] DEBUG Elavon_Adaptor.BeginPayment [(null)] - Total Amount = 206.43
2021-04-20 10:24:24,296 [6] DEBUG Elavon_Adaptor.BeginPayment [(null)] - Page ASP.beginpayment_aspx Run Total Time : 84753 ms.
2021-04-20 10:24:24,311 [6] DEBUG Elavon_Adaptor.BeginPayment [(null)] - ---Page ASP.beginpayment_aspx Load End [637545109795428117]---
2021-04-20 10:32:52,775 [9] DEBUG Elavon_Adaptor.BeginPayment [(null)] - ---Page ASP.beginpayment_aspx Load begin [637545115727689342]---
2021-04-20 10:33:01,728 [9] DEBUG Elavon_Adaptor.BeginPayment [(null)] - Finished getting parameters
2021-04-20 10:33:01,728 [9] DEBUG Elavon_Adaptor.BeginPayment [(null)] - Request from ACA (I): The query string is null.
2021-04-20 10:33:02,027 [9] DEBUG Elavon_Adaptor.BeginPayment [(null)] - Page ASP.beginpayment_aspx Run Total Time : 9257 ms.
2021-04-20 10:33:02,029 [9] DEBUG Elavon_Adaptor.BeginPayment [(null)] - ---Page ASP.beginpayment_aspx Load End [637545115727689342]---
2021-04-20 10:33:12,895 [11] DEBUG Elavon_Adaptor.BeginPayment [(null)] - ---Page ASP.beginpayment_aspx Load begin [637545115928953934]---
2021-04-20 10:33:22,638 [11] DEBUG Elavon_Adaptor.BeginPayment [(null)] - Finished getting parameters
2021-04-20 10:33:23,117 [11] DEBUG Elavon_Adaptor.BeginPayment [(null)] - Request from ACA ApplicationID=1&TransactionID=3152&PaymentAmount=203.19&ConvFee=0&PostbackURL=https%3a%2f%2faca-supp.accela.com%3a443%2fSUFFOLKCO%2fpayment%2fpaymentpostback.aspx&RedirectURL=https%3a%2f%2faca-supp.accela.com%3a443%2fSUFFOLKCO%2fpayment%2fpaymentredirect.aspx&UserID=PUBLICUSER1802&FullName=Anjan%2520Raghavendra&UserEmail=araghavendra%40accela.comTURNED_OFF&AgencyCode=SUFFOLKCO&PaymentType=CC&MerchantAccountID=0&Lang=en-US
2021-04-20 10:33:24,775 [11] DEBUG Elavon_Adaptor.BeginPayment [(null)] - Conv fee switch = true
2021-04-20 10:33:25,719 [11] DEBUG Elavon_Adaptor.BeginPayment [(null)] - Setting 3152ConvFee:0 to cache 
2021-04-20 10:33:30,314 [11] DEBUG Elavon_Adaptor.BeginPayment [(null)] - Total Amount = 206.43
2021-04-20 10:36:27,483 [11] DEBUG Elavon_Adaptor.BeginPayment [(null)] - ---Page ASP.beginpayment_aspx Load begin [637545117874798091]---
2021-04-20 10:36:30,889 [11] DEBUG Elavon_Adaptor.BeginPayment [(null)] - Finished getting parameters
2021-04-20 10:36:30,896 [11] DEBUG Elavon_Adaptor.BeginPayment [(null)] - Request from ACA (I): The query string is null.
2021-04-20 10:36:31,118 [11] DEBUG Elavon_Adaptor.BeginPayment [(null)] - Page ASP.beginpayment_aspx Run Total Time : 3637 ms.
2021-04-20 10:36:31,119 [11] DEBUG Elavon_Adaptor.BeginPayment [(null)] - ---Page ASP.beginpayment_aspx Load End [637545117874798091]---
2021-04-20 10:36:39,470 [11] DEBUG Elavon_Adaptor.BeginPayment [(null)] - ---Page ASP.beginpayment_aspx Load begin [637545117994701363]---
2021-04-20 10:36:47,347 [11] DEBUG Elavon_Adaptor.BeginPayment [(null)] - Finished getting parameters
2021-04-20 10:36:47,926 [11] DEBUG Elavon_Adaptor.BeginPayment [(null)] - Request from ACA ApplicationID=1&TransactionID=3152&PaymentAmount=203.19&ConvFee=0&PostbackURL=https%3a%2f%2faca-supp.accela.com%3a443%2fSUFFOLKCO%2fpayment%2fpaymentpostback.aspx&RedirectURL=https%3a%2f%2faca-supp.accela.com%3a443%2fSUFFOLKCO%2fpayment%2fpaymentredirect.aspx&UserID=PUBLICUSER1802&FullName=Anjan%2520Raghavendra&UserEmail=araghavendra%40accela.comTURNED_OFF&AgencyCode=SUFFOLKCO&PaymentType=CC&MerchantAccountID=0&Lang=en-US
2021-04-20 10:36:49,848 [11] DEBUG Elavon_Adaptor.BeginPayment [(null)] - Conv fee switch = true
2021-04-20 10:36:52,127 [11] DEBUG Elavon_Adaptor.BeginPayment [(null)] - Setting 3152ConvFee:0 to cache 
2021-04-20 10:37:00,365 [11] DEBUG Elavon_Adaptor.BeginPayment [(null)] - Total Amount = 206.43
2021-04-20 10:48:52,014 [6] DEBUG Elavon_Adaptor.BeginPayment [(null)] - ---Page ASP.beginpayment_aspx Load begin [637545125320106853]---
2021-04-20 10:48:55,058 [6] DEBUG Elavon_Adaptor.BeginPayment [(null)] - Finished getting parameters
2021-04-20 10:48:55,058 [6] DEBUG Elavon_Adaptor.BeginPayment [(null)] - Request from ACA (I): The query string is null.
2021-04-20 10:48:55,411 [6] DEBUG Elavon_Adaptor.BeginPayment [(null)] - Page ASP.beginpayment_aspx Run Total Time : 3399 ms.
2021-04-20 10:48:55,413 [6] DEBUG Elavon_Adaptor.BeginPayment [(null)] - ---Page ASP.beginpayment_aspx Load End [637545125320106853]---
2021-04-20 10:49:01,914 [6] DEBUG Elavon_Adaptor.BeginPayment [(null)] - ---Page ASP.beginpayment_aspx Load begin [637545125419147879]---
2021-04-20 10:49:11,451 [6] DEBUG Elavon_Adaptor.BeginPayment [(null)] - Finished getting parameters
2021-04-20 10:49:11,452 [6] DEBUG Elavon_Adaptor.BeginPayment [(null)] - Request from ACA ApplicationID=1&TransactionID=3152&PaymentAmount=203.19&ConvFee=0&PostbackURL=https%3a%2f%2faca-supp.accela.com%3a443%2fSUFFOLKCO%2fpayment%2fpaymentpostback.aspx&RedirectURL=https%3a%2f%2faca-supp.accela.com%3a443%2fSUFFOLKCO%2fpayment%2fpaymentredirect.aspx&UserID=PUBLICUSER1802&FullName=Anjan%2520Raghavendra&UserEmail=araghavendra%40accela.comTURNED_OFF&AgencyCode=SUFFOLKCO&PaymentType=CC&MerchantAccountID=0&Lang=en-US
2021-04-20 10:49:11,453 [6] DEBUG Elavon_Adaptor.BeginPayment [(null)] - Conv fee switch = true
2021-04-20 10:49:11,453 [6] DEBUG Elavon_Adaptor.BeginPayment [(null)] - Setting 3152ConvFee:0 to cache 
2021-04-20 10:49:11,455 [6] DEBUG Elavon_Adaptor.BeginPayment [(null)] - Total Amount = 206.43
2021-04-20 10:56:31,329 [6] DEBUG Elavon_Adaptor.BeginPayment [(null)] - ---Page ASP.beginpayment_aspx Load begin [637545129913250709]---
2021-04-20 10:56:34,593 [6] DEBUG Elavon_Adaptor.BeginPayment [(null)] - Finished getting parameters
2021-04-20 10:56:34,594 [6] DEBUG Elavon_Adaptor.BeginPayment [(null)] - Request from ACA (I): The query string is null.
2021-04-20 10:56:34,857 [6] DEBUG Elavon_Adaptor.BeginPayment [(null)] - Page ASP.beginpayment_aspx Run Total Time : 3532 ms.
2021-04-20 10:56:34,858 [6] DEBUG Elavon_Adaptor.BeginPayment [(null)] - ---Page ASP.beginpayment_aspx Load End [637545129913250709]---
2021-04-20 10:56:41,069 [6] DEBUG Elavon_Adaptor.BeginPayment [(null)] - ---Page ASP.beginpayment_aspx Load begin [637545130010694634]---
2021-04-20 11:26:46,969 [6] DEBUG Elavon_Adaptor.BeginPayment [(null)] - ---Page ASP.beginpayment_aspx Load begin [637545148069641414]---
2021-04-20 11:26:50,450 [6] DEBUG Elavon_Adaptor.BeginPayment [(null)] - Finished getting parameters
2021-04-20 11:26:50,451 [6] DEBUG Elavon_Adaptor.BeginPayment [(null)] - Request from ACA (I): The query string is null.
2021-04-20 11:26:50,873 [6] DEBUG Elavon_Adaptor.BeginPayment [(null)] - Page ASP.beginpayment_aspx Run Total Time : 3909 ms.
2021-04-20 11:26:50,873 [6] DEBUG Elavon_Adaptor.BeginPayment [(null)] - ---Page ASP.beginpayment_aspx Load End [637545148069641414]---
2021-04-20 11:26:56,237 [6] DEBUG Elavon_Adaptor.BeginPayment [(null)] - ---Page ASP.beginpayment_aspx Load begin [637545148162374154]---
2021-04-20 11:27:07,986 [6] DEBUG Elavon_Adaptor.BeginPayment [(null)] - Finished getting parameters
2021-04-20 11:27:07,987 [6] DEBUG Elavon_Adaptor.BeginPayment [(null)] - Request from ACA ApplicationID=1&TransactionID=3152&PaymentAmount=203.19&ConvFee=0&PostbackURL=https%3a%2f%2faca-supp.accela.com%3a443%2fSUFFOLKCO%2fpayment%2fpaymentpostback.aspx&RedirectURL=https%3a%2f%2faca-supp.accela.com%3a443%2fSUFFOLKCO%2fpayment%2fpaymentredirect.aspx&UserID=PUBLICUSER1802&FullName=Anjan%2520Raghavendra&UserEmail=araghavendra%40accela.comTURNED_OFF&AgencyCode=SUFFOLKCO&PaymentType=CC&MerchantAccountID=0&Lang=en-US
2021-04-20 11:27:07,988 [6] DEBUG Elavon_Adaptor.BeginPayment [(null)] - Conv fee switch = true
2021-04-20 11:27:07,988 [6] DEBUG Elavon_Adaptor.BeginPayment [(null)] - Setting 3152ConvFee:0 to cache 
2021-04-20 11:27:07,990 [6] DEBUG Elavon_Adaptor.BeginPayment [(null)] - Total Amount = 206.43
2021-04-20 11:38:56,807 [6] DEBUG Elavon_Adaptor.BeginPayment [(null)] - ---Page ASP.beginpayment_aspx Load begin [637545155368034991]---
2021-04-20 11:39:00,908 [6] DEBUG Elavon_Adaptor.BeginPayment [(null)] - Finished getting parameters
2021-04-20 11:39:00,909 [6] DEBUG Elavon_Adaptor.BeginPayment [(null)] - Request from ACA (I): The query string is null.
2021-04-20 11:39:01,211 [6] DEBUG Elavon_Adaptor.BeginPayment [(null)] - Page ASP.beginpayment_aspx Run Total Time : 4407 ms.
2021-04-20 11:39:01,211 [6] DEBUG Elavon_Adaptor.BeginPayment [(null)] - ---Page ASP.beginpayment_aspx Load End [637545155368034991]---
2021-04-20 11:39:07,999 [6] DEBUG Elavon_Adaptor.BeginPayment [(null)] - ---Page ASP.beginpayment_aspx Load begin [637545155479996643]---
2021-04-20 11:39:13,185 [6] DEBUG Elavon_Adaptor.BeginPayment [(null)] - Finished getting parameters
2021-04-20 11:39:13,186 [6] DEBUG Elavon_Adaptor.BeginPayment [(null)] - Request from ACA ApplicationID=1&TransactionID=3152&PaymentAmount=203.19&ConvFee=0&PostbackURL=https%3a%2f%2faca-supp.accela.com%3a443%2fSUFFOLKCO%2fpayment%2fpaymentpostback.aspx&RedirectURL=https%3a%2f%2faca-supp.accela.com%3a443%2fSUFFOLKCO%2fpayment%2fpaymentredirect.aspx&UserID=PUBLICUSER1802&FullName=Anjan%2520Raghavendra&UserEmail=araghavendra%40accela.comTURNED_OFF&AgencyCode=SUFFOLKCO&PaymentType=CC&MerchantAccountID=0&Lang=en-US
2021-04-20 11:39:13,187 [6] DEBUG Elavon_Adaptor.BeginPayment [(null)] - Conv fee switch = true
2021-04-20 11:39:13,188 [6] DEBUG Elavon_Adaptor.BeginPayment [(null)] - Setting 3152ConvFee:0 to cache 
2021-04-20 11:39:13,189 [6] DEBUG Elavon_Adaptor.BeginPayment [(null)] - Total Amount = 206.43
2021-04-20 11:46:39,924 [6] DEBUG Elavon_Adaptor.BeginPayment [(null)] - Page ASP.beginpayment_aspx Run Total Time : 451266 ms.
2021-04-20 11:46:40,395 [6] DEBUG Elavon_Adaptor.BeginPayment [(null)] - ---Page ASP.beginpayment_aspx Load End [637545155479996643]---
2021-04-20 11:47:29,617 [6] DEBUG Elavon_Adaptor.BeginPayment [(null)] - ---Page ASP.beginpayment_aspx Load begin [637545160496103160]---
2021-04-20 11:47:32,801 [6] DEBUG Elavon_Adaptor.BeginPayment [(null)] - Finished getting parameters
2021-04-20 11:47:32,801 [6] DEBUG Elavon_Adaptor.BeginPayment [(null)] - Request from ACA (I): The query string is null.
2021-04-20 11:47:33,095 [6] DEBUG Elavon_Adaptor.BeginPayment [(null)] - Page ASP.beginpayment_aspx Run Total Time : 3484 ms.
2021-04-20 11:47:33,096 [6] DEBUG Elavon_Adaptor.BeginPayment [(null)] - ---Page ASP.beginpayment_aspx Load End [637545160496103160]---
2021-04-20 11:47:37,652 [6] DEBUG Elavon_Adaptor.BeginPayment [(null)] - ---Page ASP.beginpayment_aspx Load begin [637545160576529719]---
2021-04-20 11:47:39,841 [6] DEBUG Elavon_Adaptor.BeginPayment [(null)] - Finished getting parameters
2021-04-20 11:47:39,843 [6] DEBUG Elavon_Adaptor.BeginPayment [(null)] - Request from ACA ApplicationID=1&TransactionID=3152&PaymentAmount=203.19&ConvFee=0&PostbackURL=https%3a%2f%2faca-supp.accela.com%3a443%2fSUFFOLKCO%2fpayment%2fpaymentpostback.aspx&RedirectURL=https%3a%2f%2faca-supp.accela.com%3a443%2fSUFFOLKCO%2fpayment%2fpaymentredirect.aspx&UserID=PUBLICUSER1802&FullName=Anjan%2520Raghavendra&UserEmail=araghavendra%40accela.comTURNED_OFF&AgencyCode=SUFFOLKCO&PaymentType=CC&MerchantAccountID=0&Lang=en-US
2021-04-20 11:47:39,845 [6] DEBUG Elavon_Adaptor.BeginPayment [(null)] - Conv fee switch = true
2021-04-20 11:47:39,845 [6] DEBUG Elavon_Adaptor.BeginPayment [(null)] - Setting 3152ConvFee:0 to cache 
2021-04-20 11:47:39,846 [6] DEBUG Elavon_Adaptor.BeginPayment [(null)] - Total Amount = 206.43
2021-04-20 11:49:07,172 [6] DEBUG Elavon_Adaptor.BeginPayment [(null)] - Page ASP.beginpayment_aspx Run Total Time : 89027 ms.
2021-04-20 11:49:07,447 [6] DEBUG Elavon_Adaptor.BeginPayment [(null)] - ---Page ASP.beginpayment_aspx Load End [637545160576529719]---
2021-04-20 11:49:14,189 [6] DEBUG Elavon_Adaptor.BeginPayment [(null)] - ---Page ASP.beginpayment_aspx Load begin [637545161541894006]---
2021-04-20 11:49:15,902 [6] DEBUG Elavon_Adaptor.BeginPayment [(null)] - Finished getting parameters
2021-04-20 11:49:15,903 [6] DEBUG Elavon_Adaptor.BeginPayment [(null)] - Request from ACA ApplicationID=1&TransactionID=3152&PaymentAmount=203.19&ConvFee=0&PostbackURL=https%3a%2f%2faca-supp.accela.com%3a443%2fSUFFOLKCO%2fpayment%2fpaymentpostback.aspx&RedirectURL=https%3a%2f%2faca-supp.accela.com%3a443%2fSUFFOLKCO%2fpayment%2fpaymentredirect.aspx&UserID=PUBLICUSER1802&FullName=Anjan%2520Raghavendra&UserEmail=araghavendra%40accela.comTURNED_OFF&AgencyCode=SUFFOLKCO&PaymentType=CC&MerchantAccountID=0&Lang=en-US
2021-04-20 11:49:15,904 [6] DEBUG Elavon_Adaptor.BeginPayment [(null)] - Conv fee switch = true
2021-04-20 11:49:15,906 [6] DEBUG Elavon_Adaptor.BeginPayment [(null)] - Setting 3152ConvFee:0 to cache 
2021-04-20 11:49:15,907 [6] DEBUG Elavon_Adaptor.BeginPayment [(null)] - Total Amount = 206.43
2021-04-20 12:00:02,262 [8] DEBUG Elavon_Adaptor.BeginPayment [(null)] - ---Page ASP.beginpayment_aspx Load begin [637545168022559762]---
2021-04-20 12:00:06,507 [8] DEBUG Elavon_Adaptor.BeginPayment [(null)] - Finished getting parameters
2021-04-20 12:00:06,508 [8] DEBUG Elavon_Adaptor.BeginPayment [(null)] - Request from ACA (I): The query string is null.
2021-04-20 12:00:06,762 [8] DEBUG Elavon_Adaptor.BeginPayment [(null)] - Page ASP.beginpayment_aspx Run Total Time : 4506 ms.
2021-04-20 12:00:06,763 [8] DEBUG Elavon_Adaptor.BeginPayment [(null)] - ---Page ASP.beginpayment_aspx Load End [637545168022559762]---
2021-04-20 12:00:15,104 [8] DEBUG Elavon_Adaptor.BeginPayment [(null)] - ---Page ASP.beginpayment_aspx Load begin [637545168151042112]---
2021-04-20 12:00:16,495 [8] DEBUG Elavon_Adaptor.BeginPayment [(null)] - Finished getting parameters
2021-04-20 12:00:16,496 [8] DEBUG Elavon_Adaptor.BeginPayment [(null)] - Request from ACA ApplicationID=1&TransactionID=3152&PaymentAmount=203.19&ConvFee=0&PostbackURL=https%3a%2f%2faca-supp.accela.com%3a443%2fSUFFOLKCO%2fpayment%2fpaymentpostback.aspx&RedirectURL=https%3a%2f%2faca-supp.accela.com%3a443%2fSUFFOLKCO%2fpayment%2fpaymentredirect.aspx&UserID=PUBLICUSER1802&FullName=Anjan%2520Raghavendra&UserEmail=araghavendra%40accela.comTURNED_OFF&AgencyCode=SUFFOLKCO&PaymentType=CC&MerchantAccountID=0&Lang=en-US
2021-04-20 12:00:16,497 [8] DEBUG Elavon_Adaptor.BeginPayment [(null)] - Conv fee switch = true
2021-04-20 12:00:16,497 [8] DEBUG Elavon_Adaptor.BeginPayment [(null)] - Setting 3152ConvFee:0 to cache 
2021-04-20 12:00:16,498 [8] DEBUG Elavon_Adaptor.BeginPayment [(null)] - Total Amount = 206.43
2021-04-20 14:09:05,670 [6] DEBUG Elavon_Adaptor.BeginPayment [(null)] - ---Page ASP.beginpayment_aspx Load begin [637545245456660704]---
2021-04-20 14:09:09,238 [6] DEBUG Elavon_Adaptor.BeginPayment [(null)] - Finished getting parameters
2021-04-20 14:09:09,239 [6] DEBUG Elavon_Adaptor.BeginPayment [(null)] - Request from ACA (I): The query string is null.
2021-04-20 14:09:09,647 [6] DEBUG Elavon_Adaptor.BeginPayment [(null)] - Page ASP.beginpayment_aspx Run Total Time : 3980 ms.
2021-04-20 14:09:09,647 [6] DEBUG Elavon_Adaptor.BeginPayment [(null)] - ---Page ASP.beginpayment_aspx Load End [637545245456660704]---
2021-04-20 14:09:16,454 [6] DEBUG Elavon_Adaptor.BeginPayment [(null)] - ---Page ASP.beginpayment_aspx Load begin [637545245564545820]---
2021-04-20 14:09:18,244 [6] DEBUG Elavon_Adaptor.BeginPayment [(null)] - Finished getting parameters
2021-04-20 14:09:18,245 [6] DEBUG Elavon_Adaptor.BeginPayment [(null)] - Request from ACA ApplicationID=1&TransactionID=3152&PaymentAmount=203.19&ConvFee=0&PostbackURL=https%3a%2f%2faca-supp.accela.com%3a443%2fSUFFOLKCO%2fpayment%2fpaymentpostback.aspx&RedirectURL=https%3a%2f%2faca-supp.accela.com%3a443%2fSUFFOLKCO%2fpayment%2fpaymentredirect.aspx&UserID=PUBLICUSER1802&FullName=Anjan%2520Raghavendra&UserEmail=araghavendra%40accela.comTURNED_OFF&AgencyCode=SUFFOLKCO&PaymentType=CC&MerchantAccountID=0&Lang=en-US
2021-04-20 14:09:18,246 [6] DEBUG Elavon_Adaptor.BeginPayment [(null)] - Conv fee switch = true
2021-04-20 14:09:18,247 [6] DEBUG Elavon_Adaptor.BeginPayment [(null)] - Setting 3152ConvFee:0 to cache 
2021-04-20 14:09:18,248 [6] DEBUG Elavon_Adaptor.BeginPayment [(null)] - Total Amount = 206.43
2021-04-20 14:19:06,052 [5] DEBUG Elavon_Adaptor.BeginPayment [(null)] - ---Page ASP.beginpayment_aspx Load begin [637545251460487920]---
2021-04-20 14:19:08,696 [5] DEBUG Elavon_Adaptor.BeginPayment [(null)] - Finished getting parameters
2021-04-20 14:19:08,697 [5] DEBUG Elavon_Adaptor.BeginPayment [(null)] - Request from ACA (I): The query string is null.
2021-04-20 14:19:09,166 [5] DEBUG Elavon_Adaptor.BeginPayment [(null)] - Page ASP.beginpayment_aspx Run Total Time : 3117 ms.
2021-04-20 14:19:09,166 [5] DEBUG Elavon_Adaptor.BeginPayment [(null)] - ---Page ASP.beginpayment_aspx Load End [637545251460487920]---
2021-04-20 14:19:17,579 [5] DEBUG Elavon_Adaptor.BeginPayment [(null)] - ---Page ASP.beginpayment_aspx Load begin [637545251575791208]---
2021-04-20 14:19:19,291 [5] DEBUG Elavon_Adaptor.BeginPayment [(null)] - Finished getting parameters
2021-04-20 14:19:19,292 [5] DEBUG Elavon_Adaptor.BeginPayment [(null)] - Request from ACA ApplicationID=1&TransactionID=3152&PaymentAmount=203.19&ConvFee=0&PostbackURL=https%3a%2f%2faca-supp.accela.com%3a443%2fSUFFOLKCO%2fpayment%2fpaymentpostback.aspx&RedirectURL=https%3a%2f%2faca-supp.accela.com%3a443%2fSUFFOLKCO%2fpayment%2fpaymentredirect.aspx&UserID=PUBLICUSER1802&FullName=Anjan%2520Raghavendra&UserEmail=araghavendra%40accela.comTURNED_OFF&AgencyCode=SUFFOLKCO&PaymentType=CC&MerchantAccountID=0&Lang=en-US
2021-04-20 14:19:19,293 [5] DEBUG Elavon_Adaptor.BeginPayment [(null)] - Conv fee switch = true
2021-04-20 14:19:19,293 [5] DEBUG Elavon_Adaptor.BeginPayment [(null)] - Setting 3152ConvFee:0 to cache 
2021-04-20 14:19:19,294 [5] DEBUG Elavon_Adaptor.BeginPayment [(null)] - Total Amount = 206.43
2021-04-20 14:21:17,353 [5] DEBUG Elavon_Adaptor.BeginPayment [(null)] - Merchant account ID 0022521, user ID apiuser, PIN 0ME3AO83U93W9X4XSI8GMSURT4PNQUGFSA884AM9DSJFZS71HDYZNDEUQ4R0IPIM
2021-04-20 14:21:35,396 [5] DEBUG Elavon_Adaptor.BeginPayment [(null)] - Content sent to Converge {"ssl_merchant_id":"0022521","ssl_user_id":"apiuser","ssl_pin":"0ME3AO83U93W9X4XSI8GMSURT4PNQUGFSA884AM9DSJFZS71HDYZNDEUQ4R0IPIM","ssl_invoice_number":"3152","ssl_transaction_type":"CCSALE","ssl_amount":"206.43"} at URL https://demo.convergepay.com/hosted-payments/transaction_token
2021-04-20 14:21:35,398 [5] DEBUG Elavon_Adaptor.BeginPayment [(null)] - Request Header Accept : application/json,
2021-04-20 14:21:35,399 [5] DEBUG Elavon_Adaptor.BeginPayment [(null)] - Content Header Content-Type : application/json,
2021-04-20 14:21:36,532 [5] DEBUG Elavon_Adaptor.BeginPayment [(null)] - HTTP Error in token response, HTTP Status Forbidden : Forbidden
